=== AI Development Environment Setup Log ===
Start Time: 2025-07-14T04:33:27.800688
Platform: Windows-11-10.0.26100-SP0
Python: 3.13.2 (tags/v3.13.2:4f8bb39, Feb  4 2025, 15:23:48) [MSC v.1942 64 bit (AMD64)]
Working Directory: C:\Users\Richard Wilks\Downloads
Script: bulletproof_setup.py
Arguments: --verbose --project-dir C:\Users\Richard Wilks\my_ai_workspace
============================================================

[2025-07-14 04:33:27] [INFO] 🚀 Starting Bulletproof AI Development Environment Setup
[2025-07-14 04:33:27] [INFO] Version: 4.0
[2025-07-14 04:33:27] [INFO] Target directory: C:\Users\Richard Wilks\my_ai_workspace
[2025-07-14 04:33:27] [INFO] Platform: Windows-11-10.0.26100-SP0
[2025-07-14 04:33:27] [INFO] Python: 3.13.2
[2025-07-14 04:33:27] [STEP] STEP: [1/6] Check System Prerequisites
[2025-07-14 04:33:27] [STEP] STEP: [2/6] Checking System Prerequisites
[2025-07-14 04:33:27] [INFO] Checking: Internet Connection...
[2025-07-14 04:33:28] [SUCCESS]   ✓ Internet Connection
[2025-07-14 04:33:28] [INFO] Checking: Disk Space (>2GB free)...
[2025-07-14 04:33:28] [DEBUG] Free disk space: 791.76 GB
[2025-07-14 04:33:28] [SUCCESS]   ✓ Disk Space (>2GB free)
[2025-07-14 04:33:28] [INFO] Checking: Python Version...
[2025-07-14 04:33:28] [DEBUG] Python 3.13.2 meets requirements
[2025-07-14 04:33:28] [SUCCESS]   ✓ Python Version
[2025-07-14 04:33:28] [INFO] Checking: Write Permissions...
[2025-07-14 04:33:28] [SUCCESS]   ✓ Write Permissions
[2025-07-14 04:33:28] [INFO] Checking: System Architecture...
[2025-07-14 04:33:28] [SUCCESS]   ✓ System Architecture
[2025-07-14 04:33:28] [INFO] Checking: Required Commands...
[2025-07-14 04:33:28] [SUCCESS]   ✓ Required Commands
[2025-07-14 04:33:28] [SUCCESS] All prerequisite checks passed
[2025-07-14 04:33:28] [SUCCESS] ✓ Check System Prerequisites completed successfully
[2025-07-14 04:33:28] [STEP] STEP: [3/6] Secure API Key Collection
